D:\SOMCHAI\VISUAL STUDIO 2010\PROJECTS\OPENCV\LAB04-THRESHOLDING\DEBUG\LAB04-THRESHOLDING.EXE
D:\SOMCHAI\VISUAL STUDIO 2010\PROJECTS\OPENCV\LAB04-THRESHOLDING\DEBUG\LAB04-THRESHOLDING.ILK
D:\SOMCHAI\VISUAL STUDIO 2010\PROJECTS\OPENCV\LAB04-THRESHOLDING\DEBUG\LAB04-THRESHOLDING.PDB
D:\Somchai\Visual Studio 2010\Projects\OpenCV\Lab04-Thresholding\Lab04-Thresholding\Debug\cl.command.1.tlog
D:\Somchai\Visual Studio 2010\Projects\OpenCV\Lab04-Thresholding\Lab04-Thresholding\Debug\CL.read.1.tlog
D:\Somchai\Visual Studio 2010\Projects\OpenCV\Lab04-Thresholding\Lab04-Thresholding\Debug\CL.write.1.tlog
D:\SOMCHAI\VISUAL STUDIO 2010\PROJECTS\OPENCV\LAB04-THRESHOLDING\LAB04-THRESHOLDING\DEBUG\LAB04-THRESHOLDING.EXE.EMBED.MANIFEST
D:\SOMCHAI\VISUAL STUDIO 2010\PROJECTS\OPENCV\LAB04-THRESHOLDING\LAB04-THRESHOLDING\DEBUG\LAB04-THRESHOLDING.EXE.EMBED.MANIFEST.RES
D:\SOMCHAI\VISUAL STUDIO 2010\PROJECTS\OPENCV\LAB04-THRESHOLDING\LAB04-THRESHOLDING\DEBUG\LAB04-THRESHOLDING.EXE.INTERMEDIATE.MANIFEST
D:\SOMCHAI\VISUAL STUDIO 2010\PROJECTS\OPENCV\LAB04-THRESHOLDING\LAB04-THRESHOLDING\DEBUG\LAB04-THRESHOLDING.OBJ
D:\SOMCHAI\VISUAL STUDIO 2010\PROJECTS\OPENCV\LAB04-THRESHOLDING\LAB04-THRESHOLDING\DEBUG\LAB04-THRESHOLDING.PCH
D:\Somchai\Visual Studio 2010\Projects\OpenCV\Lab04-Thresholding\Lab04-Thresholding\Debug\Lab04-Thresholding_manifest.rc
D:\Somchai\Visual Studio 2010\Projects\OpenCV\Lab04-Thresholding\Lab04-Thresholding\Debug\link.3648.read.1.tlog
D:\Somchai\Visual Studio 2010\Projects\OpenCV\Lab04-Thresholding\Lab04-Thresholding\Debug\link.3648.write.1.tlog
D:\Somchai\Visual Studio 2010\Projects\OpenCV\Lab04-Thresholding\Lab04-Thresholding\Debug\link.3648-cvtres.read.1.tlog
D:\Somchai\Visual Studio 2010\Projects\OpenCV\Lab04-Thresholding\Lab04-Thresholding\Debug\link.3648-cvtres.write.1.tlog
D:\Somchai\Visual Studio 2010\Projects\OpenCV\Lab04-Thresholding\Lab04-Thresholding\Debug\link.command.1.tlog
D:\Somchai\Visual Studio 2010\Projects\OpenCV\Lab04-Thresholding\Lab04-Thresholding\Debug\link.read.1.tlog
D:\Somchai\Visual Studio 2010\Projects\OpenCV\Lab04-Thresholding\Lab04-Thresholding\Debug\link.write.1.tlog
D:\Somchai\Visual Studio 2010\Projects\OpenCV\Lab04-Thresholding\Lab04-Thresholding\Debug\link-cvtres.read.1.tlog
D:\Somchai\Visual Studio 2010\Projects\OpenCV\Lab04-Thresholding\Lab04-Thresholding\Debug\link-cvtres.write.1.tlog
D:\Somchai\Visual Studio 2010\Projects\OpenCV\Lab04-Thresholding\Lab04-Thresholding\Debug\mt.command.1.tlog
D:\Somchai\Visual Studio 2010\Projects\OpenCV\Lab04-Thresholding\Lab04-Thresholding\Debug\mt.read.1.tlog
D:\Somchai\Visual Studio 2010\Projects\OpenCV\Lab04-Thresholding\Lab04-Thresholding\Debug\mt.write.1.tlog
D:\Somchai\Visual Studio 2010\Projects\OpenCV\Lab04-Thresholding\Lab04-Thresholding\Debug\rc.command.1.tlog
D:\Somchai\Visual Studio 2010\Projects\OpenCV\Lab04-Thresholding\Lab04-Thresholding\Debug\rc.read.1.tlog
D:\Somchai\Visual Studio 2010\Projects\OpenCV\Lab04-Thresholding\Lab04-Thresholding\Debug\rc.write.1.tlog
D:\SOMCHAI\VISUAL STUDIO 2010\PROJECTS\OPENCV\LAB04-THRESHOLDING\LAB04-THRESHOLDING\DEBUG\STDAFX.OBJ
D:\Somchai\Visual Studio 2010\Projects\OpenCV\Lab04-Thresholding\Lab04-Thresholding\Debug\vc100.idb
D:\SOMCHAI\VISUAL STUDIO 2010\PROJECTS\OPENCV\LAB04-THRESHOLDING\LAB04-THRESHOLDING\DEBUG\VC100.PDB
